<?xml version="1.0" encoding="UTF-8"?>
<testng-results ignored="0" total="2" passed="2" failed="0" skipped="0">
  <reporter-output>
  </reporter-output>
  <suite started-at="2025-07-21T13:24:30 IST" name="Default suite" finished-at="2025-07-21T13:24:48 IST" duration-ms="17513">
    <groups>
    </groups>
    <test started-at="2025-07-21T13:24:30 IST" name="Default test" finished-at="2025-07-21T13:24:48 IST" duration-ms="17513">
      <class name="TestClass">
        <test-method signature="tcl(java.lang.String,java.lang.String,java.lang.String)[pri:0, instance:TestClass@687e99d8]" started-at="2025-07-21T13:24:32 IST" name="tcl" data-provider="SampleData" finished-at="2025-07-21T13:24:41 IST" duration-ms="9160" status="PASS">
          <params>
            <param index="0">
              <value>
                <![CDATA[sangee123]]>
              </value>
            </param>
            <param index="1">
              <value>
                <![CDATA[WQTMY6]]>
              </value>
            </param>
            <param index="2">
              <value>
                <![CDATA[1.0]]>
              </value>
            </param>
          </params>
          <reporter-output>
          </reporter-output>
        </test-method> <!-- tcl -->
        <test-method signature="tcl(java.lang.String,java.lang.String,java.lang.String)[pri:0, instance:TestClass@687e99d8]" started-at="2025-07-21T13:24:41 IST" name="tcl" data-provider="SampleData" finished-at="2025-07-21T13:24:48 IST" duration-ms="6481" status="PASS">
          <params>
            <param index="0">
              <value>
                <![CDATA[Prabha123]]>
              </value>
            </param>
            <param index="1">
              <value>
                <![CDATA[lhlho]]>
              </value>
            </param>
            <param index="2">
              <value>
                <![CDATA[2.0]]>
              </value>
            </param>
          </params>
          <reporter-output>
          </reporter-output>
        </test-method> <!-- tcl -->
      </class> <!-- TestClass -->
    </test> <!-- Default test -->
  </suite> <!-- Default suite -->
</testng-results>
